This file contains any messages produced by compilers while
running configure, to aid debugging if configure makes a mistake.

It was created by configure, which was
generated by GNU Autoconf 2.61.  Invocation command line was

  $ ./configure 

## --------- ##
## Platform. ##
## --------- ##

hostname = ubuntu
uname -m = x86_64
uname -r = 3.2.0-60-generic
uname -s = Linux
uname -v = #91-Ubuntu SMP Wed Feb 19 03:54:44 UTC 2014

/usr/bin/uname -p = unknown
/bin/uname -X     = unknown

/bin/arch              = unknown
/usr/bin/arch -k       = unknown
/usr/convex/getsysinfo = unknown
/usr/bin/hostinfo      = unknown
/bin/machine           = unknown
/usr/bin/oslevel       = unknown
/bin/universe          = unknown

PATH: /usr/lib/lightdm/lightdm
PATH: /usr/local/sbin
PATH: /usr/local/bin
PATH: /usr/sbin
PATH: /usr/bin
PATH: /sbin
PATH: /bin
PATH: /usr/games


## ----------- ##
## Core tests. ##
## ----------- ##

configure:1743: checking build system type
configure:1761: result: x86_64-unknown-linux-gnu
configure:1783: checking host system type
configure:1798: result: x86_64-unknown-linux-gnu
configure:1879: checking for gcc
configure:1895: found /usr/bin/gcc
configure:1906: result: gcc
configure:2144: checking for C compiler version
configure:2151: gcc --version >&5
gcc (Ubuntu/Linaro 4.6.3-1ubuntu5) 4.6.3
Copyright (C) 2011 Free Software Foundation, Inc.
This is free software; see the source for copying conditions.  There is NO
warranty; not even for MERCHANTABILITY or FITNESS FOR A PARTICULAR PURPOSE.

configure:2154: $? = 0
configure:2161: gcc -v >&5
Using built-in specs.
COLLECT_GCC=gcc
COLLECT_LTO_WRAPPER=/usr/lib/gcc/x86_64-linux-gnu/4.6/lto-wrapper
Target: x86_64-linux-gnu
Configured with: ../src/configure -v --with-pkgversion='Ubuntu/Linaro 4.6.3-1ubuntu5' --with-bugurl=file:///usr/share/doc/gcc-4.6/README.Bugs --enable-languages=c,c++,fortran,objc,obj-c++ --prefix=/usr --program-suffix=-4.6 --enable-shared --enable-linker-build-id --with-system-zlib --libexecdir=/usr/lib --without-included-gettext --enable-threads=posix --with-gxx-include-dir=/usr/include/c++/4.6 --libdir=/usr/lib --enable-nls --with-sysroot=/ --enable-clocale=gnu --enable-libstdcxx-debug --enable-libstdcxx-time=yes --enable-gnu-unique-object --enable-plugin --enable-objc-gc --disable-werror --with-arch-32=i686 --with-tune=generic --enable-checking=release --build=x86_64-linux-gnu --host=x86_64-linux-gnu --target=x86_64-linux-gnu
Thread model: posix
gcc version 4.6.3 (Ubuntu/Linaro 4.6.3-1ubuntu5) 
configure:2164: $? = 0
configure:2171: gcc -V >&5
gcc: error: unrecognized option '-V'
gcc: fatal error: no input files
compilation terminated.
configure:2174: $? = 4
configure:2197: checking for C compiler default output file name
configure:2224: gcc    conftest.c  >&5
configure:2227: $? = 0
configure:2265: result: a.out
configure:2282: checking whether the C compiler works
configure:2292: ./a.out
configure:2295: $? = 0
configure:2312: result: yes
configure:2319: checking whether we are cross compiling
configure:2321: result: no
configure:2324: checking for suffix of executables
configure:2331: gcc -o conftest    conftest.c  >&5
configure:2334: $? = 0
configure:2358: result: 
configure:2364: checking for suffix of object files
configure:2390: gcc -c   conftest.c >&5
configure:2393: $? = 0
configure:2416: result: o
configure:2420: checking whether we are using the GNU C compiler
configure:2449: gcc -c   conftest.c >&5
configure:2455: $? = 0
configure:2472: result: yes
configure:2477: checking whether gcc accepts -g
configure:2507: gcc -c -g  conftest.c >&5
configure:2513: $? = 0
configure:2612: result: yes
configure:2629: checking for gcc option to accept ISO C89
configure:2703: gcc  -c -g -O2  conftest.c >&5
configure:2709: $? = 0
configure:2732: result: none needed
configure:2750: checking whether ln -s works
configure:2754: result: yes
configure:2761: checking whether make sets $(MAKE)
configure:2782: result: yes
configure:2804: checking for a BSD-compatible install
configure:2860: result: /usr/bin/install -c
configure:2874: checking for gethostbyname in -lnsl
configure:2909: gcc -o conftest -g -O2   conftest.c -lnsl   >&5
configure:2915: $? = 0
configure:2933: result: yes
configure:2945: checking for connect in -lsocket
configure:2980: gcc -o conftest -g -O2   conftest.c -lsocket  -lnsl  >&5
/usr/bin/ld: cannot find -lsocket
collect2: ld returned 1 exit status
configure:2986: $? = 1
configure: failed program was:
| /* confdefs.h.  */
| #define PACKAGE_NAME ""
| #define PACKAGE_TARNAME ""
| #define PACKAGE_VERSION ""
| #define PACKAGE_STRING ""
| #define PACKAGE_BUGREPORT ""
| #define HOST_SYSTEM_TYPE "x86_64-unknown-linux-gnu"
| #define HAVE_LIBNSL 1
| /* end confdefs.h.  */
| 
| /* Override any GCC internal prototype to avoid an error.
|    Use char because int might match the return type of a GCC
|    builtin and then its argument prototype would still apply.  */
| #ifdef __cplusplus
| extern "C"
| #endif
| char connect ();
| int
| main ()
| {
| return connect ();
|   ;
|   return 0;
| }
configure:3004: result: no
configure:3016: checking for inet_aton in -lresolv
configure:3051: gcc -o conftest -g -O2   conftest.c -lresolv  -lnsl  >&5
configure:3057: $? = 0
configure:3075: result: yes
configure:3087: checking for sin in -lm
configure:3122: gcc -o conftest -g -O2   conftest.c -lm  -lresolv -lnsl  >&5
conftest.c:18:6: warning: conflicting types for built-in function 'sin' [enabled by default]
configure:3128: $? = 0
configure:3146: result: yes
configure:3164: checking how to run the C preprocessor
configure:3204: gcc -E  conftest.c
configure:3210: $? = 0
configure:3241: gcc -E  conftest.c
conftest.c:12:28: fatal error: ac_nonexistent.h: No such file or directory
compilation terminated.
configure:3247: $? = 1
configure: failed program was:
| /* confdefs.h.  */
| #define PACKAGE_NAME ""
| #define PACKAGE_TARNAME ""
| #define PACKAGE_VERSION ""
| #define PACKAGE_STRING ""
| #define PACKAGE_BUGREPORT ""
| #define HOST_SYSTEM_TYPE "x86_64-unknown-linux-gnu"
| #define HAVE_LIBNSL 1
| #define HAVE_LIBRESOLV 1
| #define HAVE_LIBM 1
| /* end confdefs.h.  */
| #include <ac_nonexistent.h>
configure:3280: result: gcc -E
configure:3309: gcc -E  conftest.c
configure:3315: $? = 0
configure:3346: gcc -E  conftest.c
conftest.c:12:28: fatal error: ac_nonexistent.h: No such file or directory
compilation terminated.
configure:3352: $? = 1
configure: failed program was:
| /* confdefs.h.  */
| #define PACKAGE_NAME ""
| #define PACKAGE_TARNAME ""
| #define PACKAGE_VERSION ""
| #define PACKAGE_STRING ""
| #define PACKAGE_BUGREPORT ""
| #define HOST_SYSTEM_TYPE "x86_64-unknown-linux-gnu"
| #define HAVE_LIBNSL 1
| #define HAVE_LIBRESOLV 1
| #define HAVE_LIBM 1
| /* end confdefs.h.  */
| #include <ac_nonexistent.h>
configure:3390: checking for grep that handles long lines and -e
configure:3464: result: /bin/grep
configure:3469: checking for egrep
configure:3547: result: /bin/grep -E
configure:3552: checking for ANSI C header files
configure:3582: gcc -c -g -O2  conftest.c >&5
configure:3588: $? = 0
configure:3687: gcc -o conftest -g -O2   conftest.c -lm -lresolv -lnsl  >&5
configure:3690: $? = 0
configure:3696: ./conftest
configure:3699: $? = 0
configure:3716: result: yes
configure:3740: checking for sys/types.h
configure:3761: gcc -c -g -O2  conftest.c >&5
configure:3767: $? = 0
configure:3783: result: yes
configure:3740: checking for sys/stat.h
configure:3761: gcc -c -g -O2  conftest.c >&5
configure:3767: $? = 0
configure:3783: result: yes
configure:3740: checking for stdlib.h
configure:3761: gcc -c -g -O2  conftest.c >&5
configure:3767: $? = 0
configure:3783: result: yes
configure:3740: checking for string.h
configure:3761: gcc -c -g -O2  conftest.c >&5
configure:3767: $? = 0
configure:3783: result: yes
configure:3740: checking for memory.h
configure:3761: gcc -c -g -O2  conftest.c >&5
configure:3767: $? = 0
configure:3783: result: yes
configure:3740: checking for strings.h
configure:3761: gcc -c -g -O2  conftest.c >&5
configure:3767: $? = 0
configure:3783: result: yes
configure:3740: checking for inttypes.h
configure:3761: gcc -c -g -O2  conftest.c >&5
configure:3767: $? = 0
configure:3783: result: yes
configure:3740: checking for stdint.h
configure:3761: gcc -c -g -O2  conftest.c >&5
configure:3767: $? = 0
configure:3783: result: yes
configure:3740: checking for unistd.h
configure:3761: gcc -c -g -O2  conftest.c >&5
configure:3767: $? = 0
configure:3783: result: yes
configure:3821: checking arpa/inet.h usability
configure:3838: gcc -c -g -O2  conftest.c >&5
configure:3844: $? = 0
configure:3858: result: yes
configure:3862: checking arpa/inet.h presence
configure:3877: gcc -E  conftest.c
configure:3883: $? = 0
configure:3897: result: yes
configure:3925: checking for arpa/inet.h
configure:3933: result: yes
configure:3821: checking fcntl.h usability
configure:3838: gcc -c -g -O2  conftest.c >&5
configure:3844: $? = 0
configure:3858: result: yes
configure:3862: checking fcntl.h presence
configure:3877: gcc -E  conftest.c
configure:3883: $? = 0
configure:3897: result: yes
configure:3925: checking for fcntl.h
configure:3933: result: yes
configure:3821: checking limits.h usability
configure:3838: gcc -c -g -O2  conftest.c >&5
configure:3844: $? = 0
configure:3858: result: yes
configure:3862: checking limits.h presence
configure:3877: gcc -E  conftest.c
configure:3883: $? = 0
configure:3897: result: yes
configure:3925: checking for limits.h
configure:3933: result: yes
configure:3821: checking netdb.h usability
configure:3838: gcc -c -g -O2  conftest.c >&5
configure:3844: $? = 0
configure:3858: result: yes
configure:3862: checking netdb.h presence
configure:3877: gcc -E  conftest.c
configure:3883: $? = 0
configure:3897: result: yes
configure:3925: checking for netdb.h
configure:3933: result: yes
configure:3821: checking netinet/in.h usability
configure:3838: gcc -c -g -O2  conftest.c >&5
configure:3844: $? = 0
configure:3858: result: yes
configure:3862: checking netinet/in.h presence
configure:3877: gcc -E  conftest.c
configure:3883: $? = 0
configure:3897: result: yes
configure:3925: checking for netinet/in.h
configure:3933: result: yes
configure:3811: checking for stdlib.h
configure:3817: result: yes
configure:3811: checking for string.h
configure:3817: result: yes
configure:3811: checking for strings.h
configure:3817: result: yes
configure:3821: checking sys/ioctl.h usability
configure:3838: gcc -c -g -O2  conftest.c >&5
configure:3844: $? = 0
configure:3858: result: yes
configure:3862: checking sys/ioctl.h presence
configure:3877: gcc -E  conftest.c
configure:3883: $? = 0
configure:3897: result: yes
configure:3925: checking for sys/ioctl.h
configure:3933: result: yes
configure:3821: checking sys/socket.h usability
configure:3838: gcc -c -g -O2  conftest.c >&5
configure:3844: $? = 0
configure:3858: result: yes
configure:3862: checking sys/socket.h presence
configure:3877: gcc -E  conftest.c
configure:3883: $? = 0
configure:3897: result: yes
configure:3925: checking for sys/socket.h
configure:3933: result: yes
configure:3821: checking sys/time.h usability
configure:3838: gcc -c -g -O2  conftest.c >&5
configure:3844: $? = 0
configure:3858: result: yes
configure:3862: checking sys/time.h presence
configure:3877: gcc -E  conftest.c
configure:3883: $? = 0
configure:3897: result: yes
configure:3925: checking for sys/time.h
configure:3933: result: yes
configure:3811: checking for unistd.h
configure:3817: result: yes
configure:3947: checking for an ANSI C-conforming const
configure:4022: gcc -c -g -O2  conftest.c >&5
configure:4028: $? = 0
configure:4043: result: yes
configure:4053: checking for size_t
configure:4083: gcc -c -g -O2  conftest.c >&5
configure:4089: $? = 0
configure:4104: result: yes
configure:4116: checking whether time.h and sys/time.h may both be included
configure:4146: gcc -c -g -O2  conftest.c >&5
configure:4152: $? = 0
configure:4167: result: yes
configure:4177: checking whether struct tm is in sys/time.h or time.h
configure:4207: gcc -c -g -O2  conftest.c >&5
configure:4213: $? = 0
configure:4228: result: time.h
configure:4240: checking whether gcc needs -traditional
configure:4282: result: no
configure:4291: checking for working alloca.h
configure:4318: gcc -o conftest -g -O2   conftest.c -lm -lresolv -lnsl  >&5
configure:4324: $? = 0
configure:4341: result: yes
configure:4351: checking for alloca
configure:4398: gcc -o conftest -g -O2   conftest.c -lm -lresolv -lnsl  >&5
configure:4404: $? = 0
configure:4421: result: yes
configure:4653: checking for stdlib.h
configure:4659: result: yes
configure:4788: checking for GNU libc compatible malloc
configure:4822: gcc -o conftest -g -O2   conftest.c -lm -lresolv -lnsl  >&5
configure:4825: $? = 0
configure:4831: ./conftest
configure:4834: $? = 0
configure:4850: result: yes
configure:4883: checking for stdlib.h
configure:4889: result: yes
configure:5018: checking for GNU libc compatible realloc
configure:5052: gcc -o conftest -g -O2   conftest.c -lm -lresolv -lnsl  >&5
configure:5055: $? = 0
configure:5061: ./conftest
configure:5064: $? = 0
configure:5080: result: yes
configure:5124: checking sys/select.h usability
configure:5141: gcc -c -g -O2  conftest.c >&5
configure:5147: $? = 0
configure:5161: result: yes
configure:5165: checking sys/select.h presence
configure:5180: gcc -E  conftest.c
configure:5186: $? = 0
configure:5200: result: yes
configure:5228: checking for sys/select.h
configure:5236: result: yes
configure:5114: checking for sys/socket.h
configure:5120: result: yes
configure:5249: checking types of arguments for select
configure:5287: gcc -c -g -O2  conftest.c >&5
configure:5293: $? = 0
configure:5314: result: int,fd_set *,struct timeval *
configure:5341: checking for strftime
configure:5397: gcc -o conftest -g -O2   conftest.c -lm -lresolv -lnsl  >&5
conftest.c:69:6: warning: conflicting types for built-in function 'strftime' [enabled by default]
configure:5403: $? = 0
configure:5421: result: yes
configure:5517: checking for bzero
configure:5573: gcc -o conftest -g -O2   conftest.c -lm -lresolv -lnsl  >&5
conftest.c:70:6: warning: conflicting types for built-in function 'bzero' [enabled by default]
configure:5579: $? = 0
configure:5597: result: yes
configure:5517: checking for gethostbyaddr
configure:5573: gcc -o conftest -g -O2   conftest.c -lm -lresolv -lnsl  >&5
configure:5579: $? = 0
configure:5597: result: yes
configure:5517: checking for gethostbyname
configure:5573: gcc -o conftest -g -O2   conftest.c -lm -lresolv -lnsl  >&5
configure:5579: $? = 0
configure:5597: result: yes
configure:5517: checking for gettimeofday
configure:5573: gcc -o conftest -g -O2   conftest.c -lm -lresolv -lnsl  >&5
configure:5579: $? = 0
configure:5597: result: yes
configure:5517: checking for inet_ntoa
configure:5573: gcc -o conftest -g -O2   conftest.c -lm -lresolv -lnsl  >&5
configure:5579: $? = 0
configure:5597: result: yes
configure:5517: checking for memset
configure:5573: gcc -o conftest -g -O2   conftest.c -lm -lresolv -lnsl  >&5
conftest.c:75:6: warning: conflicting types for built-in function 'memset' [enabled by default]
configure:5579: $? = 0
configure:5597: result: yes
configure:5517: checking for select
configure:5573: gcc -o conftest -g -O2   conftest.c -lm -lresolv -lnsl  >&5
configure:5579: $? = 0
configure:5597: result: yes
configure:5517: checking for setenv
configure:5573: gcc -o conftest -g -O2   conftest.c -lm -lresolv -lnsl  >&5
configure:5579: $? = 0
configure:5597: result: yes
configure:5517: checking for socket
configure:5573: gcc -o conftest -g -O2   conftest.c -lm -lresolv -lnsl  >&5
configure:5579: $? = 0
configure:5597: result: yes
configure:5517: checking for strchr
configure:5573: gcc -o conftest -g -O2   conftest.c -lm -lresolv -lnsl  >&5
conftest.c:79:6: warning: conflicting types for built-in function 'strchr' [enabled by default]
configure:5579: $? = 0
configure:5597: result: yes
configure:5517: checking for strdup
configure:5573: gcc -o conftest -g -O2   conftest.c -lm -lresolv -lnsl  >&5
conftest.c:80:6: warning: conflicting types for built-in function 'strdup' [enabled by default]
configure:5579: $? = 0
configure:5597: result: yes
configure:5517: checking for strstr
configure:5573: gcc -o conftest -g -O2   conftest.c -lm -lresolv -lnsl  >&5
conftest.c:81:6: warning: conflicting types for built-in function 'strstr' [enabled by default]
configure:5579: $? = 0
configure:5597: result: yes
configure:5767: gcc -c -g -O2 -I/usr/include/pcap -g -O2 -I/usr/include/pcap -I/usr/include/pcap conftest.c >&5
conftest.c: In function 'main':
conftest.c:66:40: error: 'struct sockaddr' has no member named 'sa_len'
configure:5773: $? = 1
configure: failed program was:
| /* confdefs.h.  */
| #define PACKAGE_NAME ""
| #define PACKAGE_TARNAME ""
| #define PACKAGE_VERSION ""
| #define PACKAGE_STRING ""
| #define PACKAGE_BUGREPORT ""
| #define HOST_SYSTEM_TYPE "x86_64-unknown-linux-gnu"
| #define HAVE_LIBNSL 1
| #define HAVE_LIBRESOLV 1
| #define HAVE_LIBM 1
| #define STDC_HEADERS 1
| #define HAVE_SYS_TYPES_H 1
| #define HAVE_SYS_STAT_H 1
| #define HAVE_STDLIB_H 1
| #define HAVE_STRING_H 1
| #define HAVE_MEMORY_H 1
| #define HAVE_STRINGS_H 1
| #define HAVE_INTTYPES_H 1
| #define HAVE_STDINT_H 1
| #define HAVE_UNISTD_H 1
| #define HAVE_ARPA_INET_H 1
| #define HAVE_FCNTL_H 1
| #define HAVE_LIMITS_H 1
| #define HAVE_NETDB_H 1
| #define HAVE_NETINET_IN_H 1
| #define HAVE_STDLIB_H 1
| #define HAVE_STRING_H 1
| #define HAVE_STRINGS_H 1
| #define HAVE_SYS_IOCTL_H 1
| #define HAVE_SYS_SOCKET_H 1
| #define HAVE_SYS_TIME_H 1
| #define HAVE_UNISTD_H 1
| #define TIME_WITH_SYS_TIME 1
| #define HAVE_ALLOCA_H 1
| #define HAVE_ALLOCA 1
| #define HAVE_STDLIB_H 1
| #define HAVE_MALLOC 1
| #define HAVE_STDLIB_H 1
| #define HAVE_REALLOC 1
| #define HAVE_SYS_SELECT_H 1
| #define HAVE_SYS_SOCKET_H 1
| #define SELECT_TYPE_ARG1 int
| #define SELECT_TYPE_ARG234 (fd_set *)
| #define SELECT_TYPE_ARG5 (struct timeval *)
| #define HAVE_STRFTIME 1
| #define HAVE_BZERO 1
| #define HAVE_GETHOSTBYADDR 1
| #define HAVE_GETHOSTBYNAME 1
| #define HAVE_GETTIMEOFDAY 1
| #define HAVE_INET_NTOA 1
| #define HAVE_MEMSET 1
| #define HAVE_SELECT 1
| #define HAVE_SETENV 1
| #define HAVE_SOCKET 1
| #define HAVE_STRCHR 1
| #define HAVE_STRDUP 1
| #define HAVE_STRSTR 1
| #define _BSD_SOURCE 1
| /* end confdefs.h.  */
| 
| #       include <sys/types.h>
| #       include <sys/socket.h>
| int
| main ()
| {
| u_int i = sizeof(((struct sockaddr *)0)->sa_len)
|   ;
|   return 0;
| }
configure:5793: checking for pcap_lookupdev in -lpcap
configure:5828: gcc -o conftest -g -O2 -I/usr/include/pcap -g -O2 -I/usr/include/pcap -I/usr/include/pcap  conftest.c -lpcap  -lm -lresolv -lnsl  >&5
configure:5834: $? = 0
configure:5852: result: yes
configure:5890: checking pcap.h usability
configure:5907: gcc -c -g -O2 -I/usr/include/pcap -g -O2 -I/usr/include/pcap -I/usr/include/pcap conftest.c >&5
configure:5913: $? = 0
configure:5927: result: yes
configure:5931: checking pcap.h presence
configure:5946: gcc -E -g -O2 -I/usr/include/pcap -I/usr/include/pcap conftest.c
configure:5952: $? = 0
configure:5966: result: yes
configure:5994: checking for pcap.h
configure:6001: result: yes
configure:6029: checking if we should build universal binaries
configure:6045: result: no
configure:6049: checking if we should gettimeofday for each packet
configure:6059: result: no
configure:6165: creating ./config.status

## ---------------------- ##
## Running config.status. ##
## ---------------------- ##

This file was extended by config.status, which was
generated by GNU Autoconf 2.61.  Invocation command line was

  CONFIG_FILES    = 
  CONFIG_HEADERS  = 
  CONFIG_LINKS    = 
  CONFIG_COMMANDS = 
  $ ./config.status 

on ubuntu

config.status:606: creating Makefile
config.status:606: creating config/acconfig.h

## ---------------- ##
## Cache variables. ##
## ---------------- ##

ac_cv_build=x86_64-unknown-linux-gnu
ac_cv_c_compiler_gnu=yes
ac_cv_c_const=yes
ac_cv_env_CC_set=
ac_cv_env_CC_value=
ac_cv_env_CFLAGS_set=
ac_cv_env_CFLAGS_value=
ac_cv_env_CPPFLAGS_set=
ac_cv_env_CPPFLAGS_value=
ac_cv_env_CPP_set=
ac_cv_env_CPP_value=
ac_cv_env_LDFLAGS_set=
ac_cv_env_LDFLAGS_value=
ac_cv_env_LIBS_set=
ac_cv_env_LIBS_value=
ac_cv_env_build_alias_set=
ac_cv_env_build_alias_value=
ac_cv_env_host_alias_set=
ac_cv_env_host_alias_value=
ac_cv_env_target_alias_set=
ac_cv_env_target_alias_value=
ac_cv_func_alloca_works=yes
ac_cv_func_bzero=yes
ac_cv_func_gethostbyaddr=yes
ac_cv_func_gethostbyname=yes
ac_cv_func_gettimeofday=yes
ac_cv_func_inet_ntoa=yes
ac_cv_func_malloc_0_nonnull=yes
ac_cv_func_memset=yes
ac_cv_func_realloc_0_nonnull=yes
ac_cv_func_select=yes
ac_cv_func_select_args='int,fd_set *,struct timeval *'
ac_cv_func_setenv=yes
ac_cv_func_socket=yes
ac_cv_func_strchr=yes
ac_cv_func_strdup=yes
ac_cv_func_strftime=yes
ac_cv_func_strstr=yes
ac_cv_header_arpa_inet_h=yes
ac_cv_header_fcntl_h=yes
ac_cv_header_inttypes_h=yes
ac_cv_header_limits_h=yes
ac_cv_header_memory_h=yes
ac_cv_header_netdb_h=yes
ac_cv_header_netinet_in_h=yes
ac_cv_header_pcap_h=yes
ac_cv_header_stdc=yes
ac_cv_header_stdint_h=yes
ac_cv_header_stdlib_h=yes
ac_cv_header_string_h=yes
ac_cv_header_strings_h=yes
ac_cv_header_sys_ioctl_h=yes
ac_cv_header_sys_select_h=yes
ac_cv_header_sys_socket_h=yes
ac_cv_header_sys_stat_h=yes
ac_cv_header_sys_time_h=yes
ac_cv_header_sys_types_h=yes
ac_cv_header_time=yes
ac_cv_header_unistd_h=yes
ac_cv_host=x86_64-unknown-linux-gnu
ac_cv_lib_m_sin=yes
ac_cv_lib_nsl_gethostbyname=yes
ac_cv_lib_pcap_pcap_lookupdev=yes
ac_cv_lib_resolv_inet_aton=yes
ac_cv_lib_socket_connect=no
ac_cv_objext=o
ac_cv_path_EGREP='/bin/grep -E'
ac_cv_path_GREP=/bin/grep
ac_cv_path_install='/usr/bin/install -c'
ac_cv_prog_CPP='gcc -E'
ac_cv_prog_ac_ct_CC=gcc
ac_cv_prog_cc_c89=
ac_cv_prog_cc_g=yes
ac_cv_prog_gcc_traditional=no
ac_cv_prog_make_make_set=yes
ac_cv_struct_tm=time.h
ac_cv_type_size_t=yes
ac_cv_working_alloca_h=yes

## ----------------- ##
## Output variables. ##
## ----------------- ##

ALLOCA=''
CC='gcc'
CFLAGS='-g -O2 -I/usr/include/pcap'
CPP='gcc -E'
CPPFLAGS='-g -O2 -I/usr/include/pcap -I/usr/include/pcap'
DEFS='-DHAVE_CONFIG_H'
ECHO_C=''
ECHO_N='-n'
ECHO_T=''
EGREP='/bin/grep -E'
EXEEXT=''
GREP='/bin/grep'
INSTALL_DATA='${INSTALL} -m 644'
INSTALL_PROGRAM='${INSTALL}'
INSTALL_SCRIPT='${INSTALL}'
LDFLAGS=''
LIBOBJS=''
LIBS='-lpcap -lm -lresolv -lnsl '
LN_S='ln -s'
LTLIBOBJS=''
OBJEXT='o'
PACKAGE_BUGREPORT=''
PACKAGE_NAME=''
PACKAGE_STRING=''
PACKAGE_TARNAME=''
PACKAGE_VERSION=''
PATH_SEPARATOR=':'
SET_MAKE=''
SHELL='/bin/bash'
ac_ct_CC='gcc'
bindir='${exec_prefix}/bin'
build='x86_64-unknown-linux-gnu'
build_alias=''
build_cpu='x86_64'
build_os='linux-gnu'
build_vendor='unknown'
datadir='${datarootdir}'
datarootdir='${prefix}/share'
docdir='${datarootdir}/doc/${PACKAGE}'
dvidir='${docdir}'
exec_prefix='${prefix}'
host='x86_64-unknown-linux-gnu'
host_alias=''
host_cpu='x86_64'
host_os='linux-gnu'
host_vendor='unknown'
htmldir='${docdir}'
includedir='${prefix}/include'
infodir='${datarootdir}/info'
libdir='${exec_prefix}/lib'
libexecdir='${exec_prefix}/libexec'
localedir='${datarootdir}/locale'
localstatedir='${prefix}/var'
mandir='${datarootdir}/man'
oldincludedir='/usr/include'
pdfdir='${docdir}'
prefix='/usr/local'
program_transform_name='s,x,x,'
psdir='${docdir}'
sbindir='${exec_prefix}/sbin'
sharedstatedir='${prefix}/com'
sysconfdir='${prefix}/etc'
target_alias=''

## ----------- ##
## confdefs.h. ##
## ----------- ##

#define PACKAGE_NAME ""
#define PACKAGE_TARNAME ""
#define PACKAGE_VERSION ""
#define PACKAGE_STRING ""
#define PACKAGE_BUGREPORT ""
#define HOST_SYSTEM_TYPE "x86_64-unknown-linux-gnu"
#define HAVE_LIBNSL 1
#define HAVE_LIBRESOLV 1
#define HAVE_LIBM 1
#define STDC_HEADERS 1
#define HAVE_SYS_TYPES_H 1
#define HAVE_SYS_STAT_H 1
#define HAVE_STDLIB_H 1
#define HAVE_STRING_H 1
#define HAVE_MEMORY_H 1
#define HAVE_STRINGS_H 1
#define HAVE_INTTYPES_H 1
#define HAVE_STDINT_H 1
#define HAVE_UNISTD_H 1
#define HAVE_ARPA_INET_H 1
#define HAVE_FCNTL_H 1
#define HAVE_LIMITS_H 1
#define HAVE_NETDB_H 1
#define HAVE_NETINET_IN_H 1
#define HAVE_STDLIB_H 1
#define HAVE_STRING_H 1
#define HAVE_STRINGS_H 1
#define HAVE_SYS_IOCTL_H 1
#define HAVE_SYS_SOCKET_H 1
#define HAVE_SYS_TIME_H 1
#define HAVE_UNISTD_H 1
#define TIME_WITH_SYS_TIME 1
#define HAVE_ALLOCA_H 1
#define HAVE_ALLOCA 1
#define HAVE_STDLIB_H 1
#define HAVE_MALLOC 1
#define HAVE_STDLIB_H 1
#define HAVE_REALLOC 1
#define HAVE_SYS_SELECT_H 1
#define HAVE_SYS_SOCKET_H 1
#define SELECT_TYPE_ARG1 int
#define SELECT_TYPE_ARG234 (fd_set *)
#define SELECT_TYPE_ARG5 (struct timeval *)
#define HAVE_STRFTIME 1
#define HAVE_BZERO 1
#define HAVE_GETHOSTBYADDR 1
#define HAVE_GETHOSTBYNAME 1
#define HAVE_GETTIMEOFDAY 1
#define HAVE_INET_NTOA 1
#define HAVE_MEMSET 1
#define HAVE_SELECT 1
#define HAVE_SETENV 1
#define HAVE_SOCKET 1
#define HAVE_STRCHR 1
#define HAVE_STRDUP 1
#define HAVE_STRSTR 1
#define _BSD_SOURCE 1
#define HAVE_LIBPCAP 1

configure: exit 0
